# JRE version: OpenJDK Runtime Environment (21.0.7) (build 21.0.7+-13880790-b1038.58)
# Java VM: OpenJDK 64-Bit Server VM (21.0.7+-13880790-b1038.58, mixed mode, tiered, compressed oops, compressed class ptrs, g1 gc, windows-amd64)
GC Precious Log:
 CardTable entry size: 512
 Card Set container configuration: InlinePtr #cards 5 size 8 Array Of Cards #cards 12 size 40 Howl #buckets 4 coarsen threshold 1843 Howl Bitmap #cards 512 size 80 coarsen threshold 460 Card regions per heap region 1 cards per card region 2048
 CPUs: 6 total, 6 available
 Memory: 7541M
 Large Page Support: Disabled
 NUMA Support: Disabled
 Compressed Oops: Enabled (32-bit)
 Heap Region Size: 1M
 Heap Min Capacity: 8M
 Heap Initial Capacity: 118M
 Heap Max Capacity: 2G
 Pre-touch: Disabled
 Parallel Workers: 6
 Concurrent Workers: 2
 Concurrent Refinement Workers: 6
 Periodic GC: Disabled
Heap:
 garbage-first heap   total 71680K, used 27402K [0x0000000080000000, 0x0000000100000000)
  region size 1024K, 9 young (9216K), 3 survivors (3072K)
 Metaspace       used 28318K, committed 28864K, reserved 1114112K
  class space    used 3602K, committed 3840K, reserved 1048576K
GC Heap History (10 events):
Event: 0.828 GC heap before
{Heap before GC invocations=0 (full 0):
 garbage-first heap   total 120832K, used 20480K [0x0000000080000000, 0x0000000100000000)
  region size 1024K, 21 young (21504K), 0 survivors (0K)
 Metaspace       used 7541K, committed 7744K, reserved 1114112K
  class space    used 684K, committed 768K, reserved 1048576K
}
Event: 0.834 GC heap after
{Heap after GC invocations=1 (full 0):
 garbage-first heap   total 120832K, used 1408K [0x0000000080000000, 0x0000000100000000)
  region size 1024K, 2 young (2048K), 2 survivors (2048K)
 Metaspace       used 7541K, committed 7744K, reserved 1114112K
  class space    used 684K, committed 768K, reserved 1048576K
}
Event: 2.404 GC heap before
{Heap before GC invocations=1 (full 0):
 garbage-first heap   total 120832K, used 37248K [0x0000000080000000, 0x0000000100000000)
  region size 1024K, 35 young (35840K), 2 survivors (2048K)
 Metaspace       used 12299K, committed 12480K, reserved 1114112K
  class space    used 1316K, committed 1408K, reserved 1048576K
}
Event: 2.416 GC heap after
{Heap after GC invocations=2 (full 0):
 garbage-first heap   total 120832K, used 10804K [0x0000000080000000, 0x0000000100000000)
  region size 1024K, 5 young (5120K), 5 survivors (5120K)
 Metaspace       used 12299K, committed 12480K, reserved 1114112K
  class space    used 1316K, committed 1408K, reserved 1048576K
}
Event: 4.703 GC heap before
{Heap before GC invocations=2 (full 0):
 garbage-first heap   total 120832K, used 79412K [0x0000000080000000, 0x0000000100000000)
  region size 1024K, 70 young (71680K), 5 survivors (5120K)
 Metaspace       used 19469K, committed 19840K, reserved 1114112K
  class space    used 2239K, committed 2432K, reserved 1048576K
}
Event: 4.716 GC heap after
{Heap after GC invocations=3 (full 0):
 garbage-first heap   total 120832K, used 18971K [0x0000000080000000, 0x0000000100000000)
  region size 1024K, 9 young (9216K), 9 survivors (9216K)
 Metaspace       used 19469K, committed 19840K, reserved 1114112K
  class space    used 2239K, committed 2432K, reserved 1048576K
}
Event: 5.055 GC heap before
{Heap before GC invocations=3 (full 0):
 garbage-first heap   total 120832K, used 29211K [0x0000000080000000, 0x0000000100000000)
  region size 1024K, 20 young (20480K), 9 survivors (9216K)
 Metaspace       used 21226K, committed 21504K, reserved 1114112K
  class space    used 2506K, committed 2624K, reserved 1048576K
}
Event: 5.061 GC heap after
{Heap after GC invocations=4 (full 0):
 garbage-first heap   total 120832K, used 20555K [0x0000000080000000, 0x0000000100000000)
  region size 1024K, 6 young (6144K), 6 survivors (6144K)
 Metaspace       used 21226K, committed 21504K, reserved 1114112K
  class space    used 2506K, committed 2624K, reserved 1048576K
}
Event: 6.261 GC heap before
{Heap before GC invocations=5 (full 0):
 garbage-first heap   total 71680K, used 56395K [0x0000000080000000, 0x0000000100000000)
  region size 1024K, 42 young (43008K), 6 survivors (6144K)
 Metaspace       used 27686K, committed 28160K, reserved 1114112K
  class space    used 3500K, committed 3712K, reserved 1048576K
}
Event: 6.267 GC heap after
{Heap after GC invocations=6 (full 0):
 garbage-first heap   total 71680K, used 22282K [0x0000000080000000, 0x0000000100000000)
  region size 1024K, 3 young (3072K), 3 survivors (3072K)
 Metaspace       used 27686K, committed 28160K, reserved 1114112K
  class space    used 3500K, committed 3712K, reserved 1048576K
}

